2010-05-27 10:26:38 Error: Testing LogError() basic function
2010-05-27 10:26:38 Error: Testing with multi-line string
2010-06-07 15:10:37 Warning: Warning (2): include_once(/var/www/estoque-cake/app/config/database.php): failed to open stream: No such file or directory in [/var/www/estoque-cake/cake/libs/model/connection_manager.php, line 23]
2010-06-07 15:10:37 Warning: Warning (2): include_once(): Failed opening '/var/www/estoque-cake/app/config/database.php' for inclusion (include_path='/var/www/estoque-cake:/var/www/estoque-cake/app/:.:/usr/share/php:/usr/share/pear') in [/var/www/estoque-cake/cake/libs/model/connection_manager.php, line 23]
2010-06-07 15:10:37 Error: Fatal Error (256): ConnectionManager::getDataSource - Fonte de dados default não existente in [/var/www/estoque-cake/cake/libs/model/connection_manager.php, line 102]
2010-06-07 15:10:42 Warning: Warning (2): include_once(/var/www/estoque-cake/app/config/database.php): failed to open stream: No such file or directory in [/var/www/estoque-cake/cake/libs/model/connection_manager.php, line 23]
2010-06-07 15:10:42 Warning: Warning (2): include_once(): Failed opening '/var/www/estoque-cake/app/config/database.php' for inclusion (include_path='/var/www/estoque-cake:/var/www/estoque-cake/app/:.:/usr/share/php:/usr/share/pear') in [/var/www/estoque-cake/cake/libs/model/connection_manager.php, line 23]
2010-06-07 15:10:42 Error: Fatal Error (256): ConnectionManager::getDataSource - Fonte de dados default não existente in [/var/www/estoque-cake/cake/libs/model/connection_manager.php, line 102]
2010-06-07 15:10:43 Warning: Warning (2): include_once(/var/www/estoque-cake/app/config/database.php): failed to open stream: No such file or directory in [/var/www/estoque-cake/cake/libs/model/connection_manager.php, line 23]
2010-06-07 15:10:43 Warning: Warning (2): include_once(): Failed opening '/var/www/estoque-cake/app/config/database.php' for inclusion (include_path='/var/www/estoque-cake:/var/www/estoque-cake/app/:.:/usr/share/php:/usr/share/pear') in [/var/www/estoque-cake/cake/libs/model/connection_manager.php, line 23]
2010-06-07 15:10:43 Error: Fatal Error (256): ConnectionManager::getDataSource - Fonte de dados default não existente in [/var/www/estoque-cake/cake/libs/model/connection_manager.php, line 102]
2010-06-07 15:10:44 Warning: Warning (2): include_once(/var/www/estoque-cake/app/config/database.php): failed to open stream: No such file or directory in [/var/www/estoque-cake/cake/libs/model/connection_manager.php, line 23]
2010-06-07 15:10:44 Warning: Warning (2): include_once(): Failed opening '/var/www/estoque-cake/app/config/database.php' for inclusion (include_path='/var/www/estoque-cake:/var/www/estoque-cake/app/:.:/usr/share/php:/usr/share/pear') in [/var/www/estoque-cake/cake/libs/model/connection_manager.php, line 23]
2010-06-07 15:10:44 Error: Fatal Error (256): ConnectionManager::getDataSource - Fonte de dados default não existente in [/var/www/estoque-cake/cake/libs/model/connection_manager.php, line 102]
2010-06-07 15:10:58 Warning: Warning (2): include_once(/var/www/estoque-cake/app/config/database.php): failed to open stream: No such file or directory in [/var/www/estoque-cake/cake/libs/model/connection_manager.php, line 23]
2010-06-07 15:10:58 Warning: Warning (2): include_once(): Failed opening '/var/www/estoque-cake/app/config/database.php' for inclusion (include_path='/var/www/estoque-cake:/var/www/estoque-cake/app/:.:/usr/share/php:/usr/share/pear') in [/var/www/estoque-cake/cake/libs/model/connection_manager.php, line 23]
2010-06-07 15:10:58 Error: Fatal Error (256): ConnectionManager::getDataSource - Fonte de dados default não existente in [/var/www/estoque-cake/cake/libs/model/connection_manager.php, line 102]
2010-06-07 15:13:04 Warning: Warning (2): include_once(/var/www/estoque-cake/app/config/database.php): failed to open stream: No such file or directory in [/var/www/estoque-cake/cake/libs/model/connection_manager.php, line 23]
2010-06-07 15:13:04 Warning: Warning (2): include_once(): Failed opening '/var/www/estoque-cake/app/config/database.php' for inclusion (include_path='/var/www/estoque-cake:/var/www/estoque-cake/app/:.:/usr/share/php:/usr/share/pear') in [/var/www/estoque-cake/cake/libs/model/connection_manager.php, line 23]
2010-06-07 15:13:04 Error: Fatal Error (256): ConnectionManager::getDataSource - Fonte de dados default não existente in [/var/www/estoque-cake/cake/libs/model/connection_manager.php, line 102]
2010-06-12 12:06:35 Warning: Warning (2): Cannot modify header information - headers already sent by (output started at /var/www/estoque-cake/cake/libs/debugger.php:673) in [/var/www/estoque-cake/cake/libs/cake_session.php, line 590]
2010-06-12 12:06:35 Warning: Warning (2): Cannot modify header information - headers already sent by (output started at /var/www/estoque-cake/cake/libs/debugger.php:673) in [/var/www/estoque-cake/cake/libs/controller/controller.php, line 744]
2010-06-14 14:40:10 Warning: Warning (512): Cache not configured properly. Please check Cache::config(); in APP/config/core.php in [/var/www/estoque-cake/cake/libs/configure.php, line 399]
2010-06-14 14:40:10 Warning: Warning (512): Cache not configured properly. Please check Cache::config(); in APP/config/core.php in [/var/www/estoque-cake/cake/libs/configure.php, line 399]
2010-06-14 14:40:10 Warning: Warning (512): Cache not configured properly. Please check Cache::config(); in APP/config/core.php in [/var/www/estoque-cake/cake/libs/configure.php, line 399]
2010-06-14 14:40:10 Warning: Warning (512): Cache not configured properly. Please check Cache::config(); in APP/config/core.php in [/var/www/estoque-cake/cake/libs/configure.php, line 399]
